wandb: Using wandb-core as the SDK backend. Please refer to https://wandb.me/wandb-core for more information.
wandb: Currently logged in as: giacomo-zanardinibs (EEGthesis). Use `wandb login --relogin` to force relogin
wandb: Appending key for api.wandb.ai to your netrc file: /users/gzanardini/.netrc
wandb: Tracking run with wandb version 0.18.5
wandb: Run data is saved locally in /users/gzanardini/eeg_thesis/photostimulation/wandb/run-20250220_143346-op7o5shf
wandb: Run `wandb offline` to turn off syncing.
wandb: Syncing run run_0_bestbacs_l2_probs
wandb: ⭐️ View project at https://wandb.ai/EEGthesis/LOSO%20ensemble
wandb: 🚀 View run at https://wandb.ai/EEGthesis/LOSO%20ensemble/runs/op7o5shf
RUN 1 - Seed: 3144
Iteration 1 - Subject: aaaaaanr
Feature: cc, Montage: CAR, Segment Length: 1, Significance: 0.001
New best BAC for cc: 55.515832482124615
Feature: cc, Montage: CAR, Segment Length: 1, Significance: 0.0005
New best BAC for cc: 56.07763023493361
Feature: cc, Montage: CAR, Segment Length: 1, Significance: 0.0001
New best BAC for cc: 58.32482124616957
Feature: cc, Montage: CAR, Segment Length: 1, Significance: 1e-05
Feature: cc, Montage: CAR, Segment Length: 1, Significance: 1e-06
Feature: cc, Montage: CAR, Segment Length: 2, Significance: 0.001
New best BAC for cc: 58.886618998978555
Feature: cc, Montage: CAR, Segment Length: 2, Significance: 0.0005
New best BAC for cc: 60.57201225740552
Feature: cc, Montage: CAR, Segment Length: 2, Significance: 0.0001
Feature: cc, Montage: CAR, Segment Length: 2, Significance: 1e-05
Feature: cc, Montage: CAR, Segment Length: 2, Significance: 1e-06
Feature: cc, Montage: CAR, Segment Length: 5, Significance: 0.001
Feature: cc, Montage: CAR, Segment Length: 5, Significance: 0.0005
Feature: cc, Montage: CAR, Segment Length: 5, Significance: 0.0001
Feature: cc, Montage: CAR, Segment Length: 5, Significance: 1e-05
Feature: cc, Montage: CAR, Segment Length: 5, Significance: 1e-06
New best BAC for cc: 63.38100102145046
Feature: cc, Montage: CAR, Segment Length: 10, Significance: 0.001
Feature: cc, Montage: CAR, Segment Length: 10, Significance: 0.0005
Feature: cc, Montage: CAR, Segment Length: 10, Significance: 0.0001
Feature: cc, Montage: CAR, Segment Length: 10, Significance: 1e-05
Feature: cc, Montage: CAR, Segment Length: 10, Significance: 1e-06
Feature: cc, Montage: Cz, Segment Length: 1, Significance: 0.001
New best BAC for cc: 68.44994892747702
Feature: cc, Montage: Cz, Segment Length: 1, Significance: 0.0005
Feature: cc, Montage: Cz, Segment Length: 1, Significance: 0.0001
Feature: cc, Montage: Cz, Segment Length: 1, Significance: 1e-05
Feature: cc, Montage: Cz, Segment Length: 1, Significance: 1e-06
Feature: cc, Montage: Cz, Segment Length: 2, Significance: 0.001
Feature: cc, Montage: Cz, Segment Length: 2, Significance: 0.0005
Feature: cc, Montage: Cz, Segment Length: 2, Significance: 0.0001
Feature: cc, Montage: Cz, Segment Length: 2, Significance: 1e-05
Feature: cc, Montage: Cz, Segment Length: 2, Significance: 1e-06
Feature: cc, Montage: Cz, Segment Length: 5, Significance: 0.001
Feature: cc, Montage: Cz, Segment Length: 5, Significance: 0.0005
Feature: cc, Montage: Cz, Segment Length: 5, Significance: 0.0001
Feature: cc, Montage: Cz, Segment Length: 5, Significance: 1e-05
Feature: cc, Montage: Cz, Segment Length: 5, Significance: 1e-06
Feature: cc, Montage: Cz, Segment Length: 10, Significance: 0.001
Feature: cc, Montage: Cz, Segment Length: 10, Significance: 0.0005
Feature: cc, Montage: Cz, Segment Length: 10, Significance: 0.0001
Feature: cc, Montage: Cz, Segment Length: 10, Significance: 1e-05
Feature: cc, Montage: Cz, Segment Length: 10, Significance: 1e-06
Feature: cc, Montage: BipolarDB, Segment Length: 1, Significance: 0.001
New best BAC for cc: 68.46271705822268
Feature: cc, Montage: BipolarDB, Segment Length: 1, Significance: 0.0005
Feature: cc, Montage: BipolarDB, Segment Length: 1, Significance: 0.0001
Feature: cc, Montage: BipolarDB, Segment Length: 1, Significance: 1e-05
Feature: cc, Montage: BipolarDB, Segment Length: 1, Significance: 1e-06
Feature: cc, Montage: BipolarDB, Segment Length: 2, Significance: 0.001
Feature: cc, Montage: BipolarDB, Segment Length: 2, Significance: 0.0005
Feature: cc, Montage: BipolarDB, Segment Length: 2, Significance: 0.0001
New best BAC for cc: 70.1608784473953
Feature: cc, Montage: BipolarDB, Segment Length: 2, Significance: 1e-05
Feature: cc, Montage: BipolarDB, Segment Length: 2, Significance: 1e-06
Feature: cc, Montage: BipolarDB, Segment Length: 5, Significance: 0.001
Feature: cc, Montage: BipolarDB, Segment Length: 5, Significance: 0.0005
Feature: cc, Montage: BipolarDB, Segment Length: 5, Significance: 0.0001
Feature: cc, Montage: BipolarDB, Segment Length: 5, Significance: 1e-05
Feature: cc, Montage: BipolarDB, Segment Length: 5, Significance: 1e-06
Feature: cc, Montage: BipolarDB, Segment Length: 10, Significance: 0.001
Feature: cc, Montage: BipolarDB, Segment Length: 10, Significance: 0.0005
Feature: cc, Montage: BipolarDB, Segment Length: 10, Significance: 0.0001
Feature: cc, Montage: BipolarDB, Segment Length: 10, Significance: 1e-05
Feature: cc, Montage: BipolarDB, Segment Length: 10, Significance: 1e-06
Feature: cc, Montage: Laplacian, Segment Length: 1, Significance: 0.001
Feature: cc, Montage: Laplacian, Segment Length: 1, Significance: 0.0005
Feature: cc, Montage: Laplacian, Segment Length: 1, Significance: 0.0001
Feature: cc, Montage: Laplacian, Segment Length: 1, Significance: 1e-05
Feature: cc, Montage: Laplacian, Segment Length: 1, Significance: 1e-06
Feature: cc, Montage: Laplacian, Segment Length: 2, Significance: 0.001
Feature: cc, Montage: Laplacian, Segment Length: 2, Significance: 0.0005
Feature: cc, Montage: Laplacian, Segment Length: 2, Significance: 0.0001
Feature: cc, Montage: Laplacian, Segment Length: 2, Significance: 1e-05
Feature: cc, Montage: Laplacian, Segment Length: 2, Significance: 1e-06
Feature: cc, Montage: Laplacian, Segment Length: 5, Significance: 0.001
Feature: cc, Montage: Laplacian, Segment Length: 5, Significance: 0.0005
Feature: cc, Montage: Laplacian, Segment Length: 5, Significance: 0.0001
Feature: cc, Montage: Laplacian, Segment Length: 5, Significance: 1e-05
Feature: cc, Montage: Laplacian, Segment Length: 5, Significance: 1e-06
Feature: cc, Montage: Laplacian, Segment Length: 10, Significance: 0.001
Feature: cc, Montage: Laplacian, Segment Length: 10, Significance: 0.0005
Feature: cc, Montage: Laplacian, Segment Length: 10, Significance: 0.0001
Feature: cc, Montage: Laplacian, Segment Length: 10, Significance: 1e-05
Feature: cc, Montage: Laplacian, Segment Length: 10, Significance: 1e-06
Feature: cwt, Montage: CAR, Segment Length: 1, Significance: 0.001
New best BAC for cwt: 45.41624106230848
Feature: cwt, Montage: CAR, Segment Length: 1, Significance: 0.0005
New best BAC for cwt: 46.565372829417775
Feature: cwt, Montage: CAR, Segment Length: 1, Significance: 0.0001
Feature: cwt, Montage: CAR, Segment Length: 1, Significance: 1e-05
Feature: cwt, Montage: CAR, Segment Length: 1, Significance: 1e-06
New best BAC for cwt: 51.110827374872315
Feature: cwt, Montage: CAR, Segment Length: 2, Significance: 0.001
Feature: cwt, Montage: CAR, Segment Length: 2, Significance: 0.0005
Feature: cwt, Montage: CAR, Segment Length: 2, Significance: 0.0001
Feature: cwt, Montage: CAR, Segment Length: 2, Significance: 1e-05
Feature: cwt, Montage: CAR, Segment Length: 2, Significance: 1e-06
Feature: cwt, Montage: CAR, Segment Length: 5, Significance: 0.001
Feature: cwt, Montage: CAR, Segment Length: 5, Significance: 0.0005
Feature: cwt, Montage: CAR, Segment Length: 5, Significance: 0.0001
Feature: cwt, Montage: CAR, Segment Length: 5, Significance: 1e-05
Feature: cwt, Montage: CAR, Segment Length: 5, Significance: 1e-06
Feature: cwt, Montage: CAR, Segment Length: 10, Significance: 0.001
Feature: cwt, Montage: CAR, Segment Length: 10, Significance: 0.0005
Feature: cwt, Montage: CAR, Segment Length: 10, Significance: 0.0001
Feature: cwt, Montage: CAR, Segment Length: 10, Significance: 1e-05
Feature: cwt, Montage: CAR, Segment Length: 10, Significance: 1e-06
Feature: cwt, Montage: Cz, Segment Length: 1, Significance: 0.001
New best BAC for cwt: 58.32482124616957
Feature: cwt, Montage: Cz, Segment Length: 1, Significance: 0.0005
New best BAC for cwt: 62.25740551583249
Feature: cwt, Montage: Cz, Segment Length: 1, Significance: 0.0001
Feature: cwt, Montage: Cz, Segment Length: 1, Significance: 1e-05
Feature: cwt, Montage: Cz, Segment Length: 1, Significance: 1e-06
Feature: cwt, Montage: Cz, Segment Length: 2, Significance: 0.001
New best BAC for cwt: 66.18998978549541
Feature: cwt, Montage: Cz, Segment Length: 2, Significance: 0.0005
New best BAC for cwt: 67.3391215526047
Feature: cwt, Montage: Cz, Segment Length: 2, Significance: 0.0001
Feature: cwt, Montage: Cz, Segment Length: 2, Significance: 1e-05
Feature: cwt, Montage: Cz, Segment Length: 2, Significance: 1e-06
Feature: cwt, Montage: Cz, Segment Length: 5, Significance: 0.001
Feature: cwt, Montage: Cz, Segment Length: 5, Significance: 0.0005
Feature: cwt, Montage: Cz, Segment Length: 5, Significance: 0.0001
Feature: cwt, Montage: Cz, Segment Length: 5, Significance: 1e-05
Feature: cwt, Montage: Cz, Segment Length: 5, Significance: 1e-06
Feature: cwt, Montage: Cz, Segment Length: 10, Significance: 0.001
Feature: cwt, Montage: Cz, Segment Length: 10, Significance: 0.0005
Feature: cwt, Montage: Cz, Segment Length: 10, Significance: 0.0001
Feature: cwt, Montage: Cz, Segment Length: 10, Significance: 1e-05
Feature: cwt, Montage: Cz, Segment Length: 10, Significance: 1e-06
Feature: cwt, Montage: BipolarDB, Segment Length: 1, Significance: 0.001
Feature: cwt, Montage: BipolarDB, Segment Length: 1, Significance: 0.0005
Feature: cwt, Montage: BipolarDB, Segment Length: 1, Significance: 0.0001
Feature: cwt, Montage: BipolarDB, Segment Length: 1, Significance: 1e-05
Feature: cwt, Montage: BipolarDB, Segment Length: 1, Significance: 1e-06
Feature: cwt, Montage: BipolarDB, Segment Length: 2, Significance: 0.001
Feature: cwt, Montage: BipolarDB, Segment Length: 2, Significance: 0.0005
Feature: cwt, Montage: BipolarDB, Segment Length: 2, Significance: 0.0001
Feature: cwt, Montage: BipolarDB, Segment Length: 2, Significance: 1e-05
Feature: cwt, Montage: BipolarDB, Segment Length: 2, Significance: 1e-06
Feature: cwt, Montage: BipolarDB, Segment Length: 5, Significance: 0.001
Feature: cwt, Montage: BipolarDB, Segment Length: 5, Significance: 0.0005
Feature: cwt, Montage: BipolarDB, Segment Length: 5, Significance: 0.0001
Feature: cwt, Montage: BipolarDB, Segment Length: 5, Significance: 1e-05
Feature: cwt, Montage: BipolarDB, Segment Length: 5, Significance: 1e-06
Feature: cwt, Montage: BipolarDB, Segment Length: 10, Significance: 0.001
Feature: cwt, Montage: BipolarDB, Segment Length: 10, Significance: 0.0005
Feature: cwt, Montage: BipolarDB, Segment Length: 10, Significance: 0.0001
Feature: cwt, Montage: BipolarDB, Segment Length: 10, Significance: 1e-05
Feature: cwt, Montage: BipolarDB, Segment Length: 10, Significance: 1e-06
Feature: cwt, Montage: Laplacian, Segment Length: 1, Significance: 0.001
Feature: cwt, Montage: Laplacian, Segment Length: 1, Significance: 0.0005
Feature: cwt, Montage: Laplacian, Segment Length: 1, Significance: 0.0001
Feature: cwt, Montage: Laplacian, Segment Length: 1, Significance: 1e-05
Feature: cwt, Montage: Laplacian, Segment Length: 1, Significance: 1e-06
Feature: cwt, Montage: Laplacian, Segment Length: 2, Significance: 0.001
Feature: cwt, Montage: Laplacian, Segment Length: 2, Significance: 0.0005
Feature: cwt, Montage: Laplacian, Segment Length: 2, Significance: 0.0001
Feature: cwt, Montage: Laplacian, Segment Length: 2, Significance: 1e-05
Feature: cwt, Montage: Laplacian, Segment Length: 2, Significance: 1e-06
Feature: cwt, Montage: Laplacian, Segment Length: 5, Significance: 0.001
Feature: cwt, Montage: Laplacian, Segment Length: 5, Significance: 0.0005
Feature: cwt, Montage: Laplacian, Segment Length: 5, Significance: 0.0001
Feature: cwt, Montage: Laplacian, Segment Length: 5, Significance: 1e-05
Feature: cwt, Montage: Laplacian, Segment Length: 5, Significance: 1e-06
Feature: cwt, Montage: Laplacian, Segment Length: 10, Significance: 0.001
Feature: cwt, Montage: Laplacian, Segment Length: 10, Significance: 0.0005
Feature: cwt, Montage: Laplacian, Segment Length: 10, Significance: 0.0001
Feature: cwt, Montage: Laplacian, Segment Length: 10, Significance: 1e-05
Feature: cwt, Montage: Laplacian, Segment Length: 10, Significance: 1e-06
Feature: dwt, Montage: CAR, Segment Length: 1, Significance: 0.001
New best BAC for dwt: 58.350357507660874
Feature: dwt, Montage: CAR, Segment Length: 1, Significance: 0.0005
Feature: dwt, Montage: CAR, Segment Length: 1, Significance: 0.0001
Feature: dwt, Montage: CAR, Segment Length: 1, Significance: 1e-05
Feature: dwt, Montage: CAR, Segment Length: 1, Significance: 1e-06
Feature: dwt, Montage: CAR, Segment Length: 2, Significance: 0.001
Feature: dwt, Montage: CAR, Segment Length: 2, Significance: 0.0005
Feature: dwt, Montage: CAR, Segment Length: 2, Significance: 0.0001
Feature: dwt, Montage: CAR, Segment Length: 2, Significance: 1e-05
Feature: dwt, Montage: CAR, Segment Length: 2, Significance: 1e-06
Feature: dwt, Montage: CAR, Segment Length: 5, Significance: 0.001
Feature: dwt, Montage: CAR, Segment Length: 5, Significance: 0.0005
Feature: dwt, Montage: CAR, Segment Length: 5, Significance: 0.0001
Feature: dwt, Montage: CAR, Segment Length: 5, Significance: 1e-05
Feature: dwt, Montage: CAR, Segment Length: 5, Significance: 1e-06
Feature: dwt, Montage: CAR, Segment Length: 10, Significance: 0.001
Feature: dwt, Montage: CAR, Segment Length: 10, Significance: 0.0005
Feature: dwt, Montage: CAR, Segment Length: 10, Significance: 0.0001
Feature: dwt, Montage: CAR, Segment Length: 10, Significance: 1e-05
Feature: dwt, Montage: CAR, Segment Length: 10, Significance: 1e-06
Feature: dwt, Montage: Cz, Segment Length: 1, Significance: 0.001
New best BAC for dwt: 66.20275791624107
Feature: dwt, Montage: Cz, Segment Length: 1, Significance: 0.0005
Feature: dwt, Montage: Cz, Segment Length: 1, Significance: 0.0001
Feature: dwt, Montage: Cz, Segment Length: 1, Significance: 1e-05
Feature: dwt, Montage: Cz, Segment Length: 1, Significance: 1e-06
Feature: dwt, Montage: Cz, Segment Length: 2, Significance: 0.001
Feature: dwt, Montage: Cz, Segment Length: 2, Significance: 0.0005
Feature: dwt, Montage: Cz, Segment Length: 2, Significance: 0.0001
Feature: dwt, Montage: Cz, Segment Length: 2, Significance: 1e-05
Feature: dwt, Montage: Cz, Segment Length: 2, Significance: 1e-06
Feature: dwt, Montage: Cz, Segment Length: 5, Significance: 0.001
Feature: dwt, Montage: Cz, Segment Length: 5, Significance: 0.0005
Feature: dwt, Montage: Cz, Segment Length: 5, Significance: 0.0001
Feature: dwt, Montage: Cz, Segment Length: 5, Significance: 1e-05
Feature: dwt, Montage: Cz, Segment Length: 5, Significance: 1e-06
Feature: dwt, Montage: Cz, Segment Length: 10, Significance: 0.001
Feature: dwt, Montage: Cz, Segment Length: 10, Significance: 0.0005
Feature: dwt, Montage: Cz, Segment Length: 10, Significance: 0.0001
Feature: dwt, Montage: Cz, Segment Length: 10, Significance: 1e-05
Feature: dwt, Montage: Cz, Segment Length: 10, Significance: 1e-06
Feature: dwt, Montage: BipolarDB, Segment Length: 1, Significance: 0.001
Feature: dwt, Montage: BipolarDB, Segment Length: 1, Significance: 0.0005
Feature: dwt, Montage: BipolarDB, Segment Length: 1, Significance: 0.0001
Feature: dwt, Montage: BipolarDB, Segment Length: 1, Significance: 1e-05
Feature: dwt, Montage: BipolarDB, Segment Length: 1, Significance: 1e-06
Feature: dwt, Montage: BipolarDB, Segment Length: 2, Significance: 0.001
Feature: dwt, Montage: BipolarDB, Segment Length: 2, Significance: 0.0005
Feature: dwt, Montage: BipolarDB, Segment Length: 2, Significance: 0.0001
Feature: dwt, Montage: BipolarDB, Segment Length: 2, Significance: 1e-05
Feature: dwt, Montage: BipolarDB, Segment Length: 2, Significance: 1e-06
Feature: dwt, Montage: BipolarDB, Segment Length: 5, Significance: 0.001
Feature: dwt, Montage: BipolarDB, Segment Length: 5, Significance: 0.0005
Feature: dwt, Montage: BipolarDB, Segment Length: 5, Significance: 0.0001
Feature: dwt, Montage: BipolarDB, Segment Length: 5, Significance: 1e-05
Feature: dwt, Montage: BipolarDB, Segment Length: 5, Significance: 1e-06
Feature: dwt, Montage: BipolarDB, Segment Length: 10, Significance: 0.001
Feature: dwt, Montage: BipolarDB, Segment Length: 10, Significance: 0.0005
Feature: dwt, Montage: BipolarDB, Segment Length: 10, Significance: 0.0001
Feature: dwt, Montage: BipolarDB, Segment Length: 10, Significance: 1e-05
Feature: dwt, Montage: BipolarDB, Segment Length: 10, Significance: 1e-06
Feature: dwt, Montage: Laplacian, Segment Length: 1, Significance: 0.001
Feature: dwt, Montage: Laplacian, Segment Length: 1, Significance: 0.0005
Feature: dwt, Montage: Laplacian, Segment Length: 1, Significance: 0.0001
Feature: dwt, Montage: Laplacian, Segment Length: 1, Significance: 1e-05
New best BAC for dwt: 67.91368743615934
Feature: dwt, Montage: Laplacian, Segment Length: 1, Significance: 1e-06
New best BAC for dwt: 69.06281920326865
Feature: dwt, Montage: Laplacian, Segment Length: 2, Significance: 0.001
Feature: dwt, Montage: Laplacian, Segment Length: 2, Significance: 0.0005
Feature: dwt, Montage: Laplacian, Segment Length: 2, Significance: 0.0001
Feature: dwt, Montage: Laplacian, Segment Length: 2, Significance: 1e-05
Feature: dwt, Montage: Laplacian, Segment Length: 2, Significance: 1e-06
Feature: dwt, Montage: Laplacian, Segment Length: 5, Significance: 0.001
Feature: dwt, Montage: Laplacian, Segment Length: 5, Significance: 0.0005
Feature: dwt, Montage: Laplacian, Segment Length: 5, Significance: 0.0001
Feature: dwt, Montage: Laplacian, Segment Length: 5, Significance: 1e-05
Feature: dwt, Montage: Laplacian, Segment Length: 5, Significance: 1e-06
Feature: dwt, Montage: Laplacian, Segment Length: 10, Significance: 0.001
Feature: dwt, Montage: Laplacian, Segment Length: 10, Significance: 0.0005
Feature: dwt, Montage: Laplacian, Segment Length: 10, Significance: 0.0001
Feature: dwt, Montage: Laplacian, Segment Length: 10, Significance: 1e-05
Feature: dwt, Montage: Laplacian, Segment Length: 10, Significance: 1e-06
Feature: gcc, Montage: CAR, Segment Length: 1, Significance: 0.001
No significant features found
Feature: gcc, Montage: CAR, Segment Length: 1, Significance: 0.0005
No significant features found
Feature: gcc, Montage: CAR, Segment Length: 1, Significance: 0.0001
No significant features found
Feature: gcc, Montage: CAR, Segment Length: 1, Significance: 1e-05
No significant features found
Feature: gcc, Montage: CAR, Segment Length: 1, Significance: 1e-06
No significant features found
Feature: gcc, Montage: CAR, Segment Length: 2, Significance: 0.001
No significant features found
Feature: gcc, Montage: CAR, Segment Length: 2, Significance: 0.0005
No significant features found
Feature: gcc, Montage: CAR, Segment Length: 2, Significance: 0.0001
No significant features found
Feature: gcc, Montage: CAR, Segment Length: 2, Significance: 1e-05
No significant features found
Feature: gcc, Montage: CAR, Segment Length: 2, Significance: 1e-06
No significant features found
Feature: gcc, Montage: CAR, Segment Length: 5, Significance: 0.001
No significant features found
Feature: gcc, Montage: CAR, Segment Length: 5, Significance: 0.0005
No significant features found
Feature: gcc, Montage: CAR, Segment Length: 5, Significance: 0.0001
No significant features found
Feature: gcc, Montage: CAR, Segment Length: 5, Significance: 1e-05
No significant features found
Feature: gcc, Montage: CAR, Segment Length: 5, Significance: 1e-06
No significant features found
Feature: gcc, Montage: CAR, Segment Length: 10, Significance: 0.001
No significant features found
Feature: gcc, Montage: CAR, Segment Length: 10, Significance: 0.0005
No significant features found
Feature: gcc, Montage: CAR, Segment Length: 10, Significance: 0.0001
No significant features found
Feature: gcc, Montage: CAR, Segment Length: 10, Significance: 1e-05
No significant features found
Feature: gcc, Montage: CAR, Segment Length: 10, Significance: 1e-06
No significant features found
Feature: gcc, Montage: Cz, Segment Length: 1, Significance: 0.001
New best BAC for gcc: 62.270173646578144
Feature: gcc, Montage: Cz, Segment Length: 1, Significance: 0.0005
Feature: gcc, Montage: Cz, Segment Length: 1, Significance: 0.0001
Feature: gcc, Montage: Cz, Segment Length: 1, Significance: 1e-05
Feature: gcc, Montage: Cz, Segment Length: 1, Significance: 1e-06
No significant features found
Feature: gcc, Montage: Cz, Segment Length: 2, Significance: 0.001
Feature: gcc, Montage: Cz, Segment Length: 2, Significance: 0.0005
Feature: gcc, Montage: Cz, Segment Length: 2, Significance: 0.0001
Feature: gcc, Montage: Cz, Segment Length: 2, Significance: 1e-05
Feature: gcc, Montage: Cz, Segment Length: 2, Significance: 1e-06
No significant features found
Feature: gcc, Montage: Cz, Segment Length: 5, Significance: 0.001
Feature: gcc, Montage: Cz, Segment Length: 5, Significance: 0.0005
Feature: gcc, Montage: Cz, Segment Length: 5, Significance: 0.0001
Feature: gcc, Montage: Cz, Segment Length: 5, Significance: 1e-05
Feature: gcc, Montage: Cz, Segment Length: 5, Significance: 1e-06
No significant features found
Feature: gcc, Montage: Cz, Segment Length: 10, Significance: 0.001
Feature: gcc, Montage: Cz, Segment Length: 10, Significance: 0.0005
Feature: gcc, Montage: Cz, Segment Length: 10, Significance: 0.0001
Feature: gcc, Montage: Cz, Segment Length: 10, Significance: 1e-05
Feature: gcc, Montage: Cz, Segment Length: 10, Significance: 1e-06
No significant features found
Feature: gcc, Montage: BipolarDB, Segment Length: 1, Significance: 0.001
No significant features found
Feature: gcc, Montage: BipolarDB, Segment Length: 1, Significance: 0.0005
No significant features found
Feature: gcc, Montage: BipolarDB, Segment Length: 1, Significance: 0.0001
No significant features found
Feature: gcc, Montage: BipolarDB, Segment Length: 1, Significance: 1e-05
No significant features found
Feature: gcc, Montage: BipolarDB, Segment Length: 1, Significance: 1e-06
No significant features found
Feature: gcc, Montage: BipolarDB, Segment Length: 2, Significance: 0.001
No significant features found
Feature: gcc, Montage: BipolarDB, Segment Length: 2, Significance: 0.0005
No significant features found
Feature: gcc, Montage: BipolarDB, Segment Length: 2, Significance: 0.0001
No significant features found
Feature: gcc, Montage: BipolarDB, Segment Length: 2, Significance: 1e-05
No significant features found
Feature: gcc, Montage: BipolarDB, Segment Length: 2, Significance: 1e-06
No significant features found
Feature: gcc, Montage: BipolarDB, Segment Length: 5, Significance: 0.001
No significant features found
Feature: gcc, Montage: BipolarDB, Segment Length: 5, Significance: 0.0005
No significant features found
Feature: gcc, Montage: BipolarDB, Segment Length: 5, Significance: 0.0001
No significant features found
Feature: gcc, Montage: BipolarDB, Segment Length: 5, Significance: 1e-05
No significant features found
Feature: gcc, Montage: BipolarDB, Segment Length: 5, Significance: 1e-06
No significant features found
Feature: gcc, Montage: BipolarDB, Segment Length: 10, Significance: 0.001
No significant features found
Feature: gcc, Montage: BipolarDB, Segment Length: 10, Significance: 0.0005
No significant features found
Feature: gcc, Montage: BipolarDB, Segment Length: 10, Significance: 0.0001
No significant features found
Feature: gcc, Montage: BipolarDB, Segment Length: 10, Significance: 1e-05
No significant features found
Feature: gcc, Montage: BipolarDB, Segment Length: 10, Significance: 1e-06
No significant features found
Feature: gcc, Montage: Laplacian, Segment Length: 1, Significance: 0.001
No significant features found
Feature: gcc, Montage: Laplacian, Segment Length: 1, Significance: 0.0005
No significant features found
Feature: gcc, Montage: Laplacian, Segment Length: 1, Significance: 0.0001
No significant features found
Feature: gcc, Montage: Laplacian, Segment Length: 1, Significance: 1e-05
No significant features found
Feature: gcc, Montage: Laplacian, Segment Length: 1, Significance: 1e-06
No significant features found
Feature: gcc, Montage: Laplacian, Segment Length: 2, Significance: 0.001
No significant features found
Feature: gcc, Montage: Laplacian, Segment Length: 2, Significance: 0.0005
No significant features found
Feature: gcc, Montage: Laplacian, Segment Length: 2, Significance: 0.0001
No significant features found
Feature: gcc, Montage: Laplacian, Segment Length: 2, Significance: 1e-05
No significant features found
Feature: gcc, Montage: Laplacian, Segment Length: 2, Significance: 1e-06
No significant features found
Feature: gcc, Montage: Laplacian, Segment Length: 5, Significance: 0.001
No significant features found
Feature: gcc, Montage: Laplacian, Segment Length: 5, Significance: 0.0005
No significant features found
Feature: gcc, Montage: Laplacian, Segment Length: 5, Significance: 0.0001
No significant features found
Feature: gcc, Montage: Laplacian, Segment Length: 5, Significance: 1e-05
No significant features found
Feature: gcc, Montage: Laplacian, Segment Length: 5, Significance: 1e-06
No significant features found
Feature: gcc, Montage: Laplacian, Segment Length: 10, Significance: 0.001
No significant features found
Feature: gcc, Montage: Laplacian, Segment Length: 10, Significance: 0.0005
No significant features found
Feature: gcc, Montage: Laplacian, Segment Length: 10, Significance: 0.0001
No significant features found
Feature: gcc, Montage: Laplacian, Segment Length: 10, Significance: 1e-05
No significant features found
Feature: gcc, Montage: Laplacian, Segment Length: 10, Significance: 1e-06
No significant features found
Feature: gplv, Montage: CAR, Segment Length: 1, Significance: 0.001
New best BAC for gplv: 50.0
Feature: gplv, Montage: CAR, Segment Length: 1, Significance: 0.0005
Feature: gplv, Montage: CAR, Segment Length: 1, Significance: 0.0001
Feature: gplv, Montage: CAR, Segment Length: 1, Significance: 1e-05
Feature: gplv, Montage: CAR, Segment Length: 1, Significance: 1e-06
No significant features found
Feature: gplv, Montage: CAR, Segment Length: 2, Significance: 0.001
Feature: gplv, Montage: CAR, Segment Length: 2, Significance: 0.0005
Feature: gplv, Montage: CAR, Segment Length: 2, Significance: 0.0001
Feature: gplv, Montage: CAR, Segment Length: 2, Significance: 1e-05
No significant features found
Feature: gplv, Montage: CAR, Segment Length: 2, Significance: 1e-06
No significant features found
Feature: gplv, Montage: CAR, Segment Length: 5, Significance: 0.001
Feature: gplv, Montage: CAR, Segment Length: 5, Significance: 0.0005
Feature: gplv, Montage: CAR, Segment Length: 5, Significance: 0.0001
Feature: gplv, Montage: CAR, Segment Length: 5, Significance: 1e-05
No significant features found
Feature: gplv, Montage: CAR, Segment Length: 5, Significance: 1e-06
No significant features found
Feature: gplv, Montage: CAR, Segment Length: 10, Significance: 0.001
No significant features found
Feature: gplv, Montage: CAR, Segment Length: 10, Significance: 0.0005
No significant features found
Feature: gplv, Montage: CAR, Segment Length: 10, Significance: 0.0001
No significant features found
Feature: gplv, Montage: CAR, Segment Length: 10, Significance: 1e-05
No significant features found
Feature: gplv, Montage: CAR, Segment Length: 10, Significance: 1e-06
No significant features found
Feature: gplv, Montage: Cz, Segment Length: 1, Significance: 0.001
Feature: gplv, Montage: Cz, Segment Length: 1, Significance: 0.0005
Feature: gplv, Montage: Cz, Segment Length: 1, Significance: 0.0001
Feature: gplv, Montage: Cz, Segment Length: 1, Significance: 1e-05
Feature: gplv, Montage: Cz, Segment Length: 1, Significance: 1e-06
No significant features found
Feature: gplv, Montage: Cz, Segment Length: 2, Significance: 0.001
Feature: gplv, Montage: Cz, Segment Length: 2, Significance: 0.0005
Feature: gplv, Montage: Cz, Segment Length: 2, Significance: 0.0001
Feature: gplv, Montage: Cz, Segment Length: 2, Significance: 1e-05
No significant features found
Feature: gplv, Montage: Cz, Segment Length: 2, Significance: 1e-06
No significant features found
Feature: gplv, Montage: Cz, Segment Length: 5, Significance: 0.001
Feature: gplv, Montage: Cz, Segment Length: 5, Significance: 0.0005
Feature: gplv, Montage: Cz, Segment Length: 5, Significance: 0.0001
Feature: gplv, Montage: Cz, Segment Length: 5, Significance: 1e-05
No significant features found
Feature: gplv, Montage: Cz, Segment Length: 5, Significance: 1e-06
No significant features found
Feature: gplv, Montage: Cz, Segment Length: 10, Significance: 0.001
Feature: gplv, Montage: Cz, Segment Length: 10, Significance: 0.0005
No significant features found
Feature: gplv, Montage: Cz, Segment Length: 10, Significance: 0.0001
No significant features found
Feature: gplv, Montage: Cz, Segment Length: 10, Significance: 1e-05
No significant features found
Feature: gplv, Montage: Cz, Segment Length: 10, Significance: 1e-06
No significant features found
Feature: gplv, Montage: BipolarDB, Segment Length: 1, Significance: 0.001
Feature: gplv, Montage: BipolarDB, Segment Length: 1, Significance: 0.0005
Feature: gplv, Montage: BipolarDB, Segment Length: 1, Significance: 0.0001
Feature: gplv, Montage: BipolarDB, Segment Length: 1, Significance: 1e-05
No significant features found
Feature: gplv, Montage: BipolarDB, Segment Length: 1, Significance: 1e-06
No significant features found
Feature: gplv, Montage: BipolarDB, Segment Length: 2, Significance: 0.001
Feature: gplv, Montage: BipolarDB, Segment Length: 2, Significance: 0.0005
Feature: gplv, Montage: BipolarDB, Segment Length: 2, Significance: 0.0001
Feature: gplv, Montage: BipolarDB, Segment Length: 2, Significance: 1e-05
No significant features found
Feature: gplv, Montage: BipolarDB, Segment Length: 2, Significance: 1e-06
No significant features found
Feature: gplv, Montage: BipolarDB, Segment Length: 5, Significance: 0.001
Feature: gplv, Montage: BipolarDB, Segment Length: 5, Significance: 0.0005
Feature: gplv, Montage: BipolarDB, Segment Length: 5, Significance: 0.0001
Feature: gplv, Montage: BipolarDB, Segment Length: 5, Significance: 1e-05
No significant features found
Feature: gplv, Montage: BipolarDB, Segment Length: 5, Significance: 1e-06
No significant features found
Feature: gplv, Montage: BipolarDB, Segment Length: 10, Significance: 0.001
Feature: gplv, Montage: BipolarDB, Segment Length: 10, Significance: 0.0005
No significant features found
Feature: gplv, Montage: BipolarDB, Segment Length: 10, Significance: 0.0001
No significant features found
Feature: gplv, Montage: BipolarDB, Segment Length: 10, Significance: 1e-05
No significant features found
Feature: gplv, Montage: BipolarDB, Segment Length: 10, Significance: 1e-06
No significant features found
Feature: gplv, Montage: Laplacian, Segment Length: 1, Significance: 0.001
Feature: gplv, Montage: Laplacian, Segment Length: 1, Significance: 0.0005
No significant features found
Feature: gplv, Montage: Laplacian, Segment Length: 1, Significance: 0.0001
No significant features found
Feature: gplv, Montage: Laplacian, Segment Length: 1, Significance: 1e-05
No significant features found
Feature: gplv, Montage: Laplacian, Segment Length: 1, Significance: 1e-06
No significant features found
Feature: gplv, Montage: Laplacian, Segment Length: 2, Significance: 0.001
Feature: gplv, Montage: Laplacian, Segment Length: 2, Significance: 0.0005
No significant features found
Feature: gplv, Montage: Laplacian, Segment Length: 2, Significance: 0.0001
No significant features found
Feature: gplv, Montage: Laplacian, Segment Length: 2, Significance: 1e-05
No significant features found
Feature: gplv, Montage: Laplacian, Segment Length: 2, Significance: 1e-06
No significant features found
Feature: gplv, Montage: Laplacian, Segment Length: 5, Significance: 0.001
Feature: gplv, Montage: Laplacian, Segment Length: 5, Significance: 0.0005
No significant features found
Feature: gplv, Montage: Laplacian, Segment Length: 5, Significance: 0.0001
No significant features found
Feature: gplv, Montage: Laplacian, Segment Length: 5, Significance: 1e-05
No significant features found
Feature: gplv, Montage: Laplacian, Segment Length: 5, Significance: 1e-06
No significant features found
Feature: gplv, Montage: Laplacian, Segment Length: 10, Significance: 0.001
No significant features found
Feature: gplv, Montage: Laplacian, Segment Length: 10, Significance: 0.0005
No significant features found
Feature: gplv, Montage: Laplacian, Segment Length: 10, Significance: 0.0001
No significant features found
Feature: gplv, Montage: Laplacian, Segment Length: 10, Significance: 1e-05
No significant features found
Feature: gplv, Montage: Laplacian, Segment Length: 10, Significance: 1e-06
No significant features found
Feature: plv, Montage: CAR, Segment Length: 1, Significance: 0.001
New best BAC for plv: 49.897854954034734
Feature: plv, Montage: CAR, Segment Length: 1, Significance: 0.0005
New best BAC for plv: 50.47242083758938
Feature: plv, Montage: CAR, Segment Length: 1, Significance: 0.0001
Feature: plv, Montage: CAR, Segment Length: 1, Significance: 1e-05
Feature: plv, Montage: CAR, Segment Length: 1, Significance: 1e-06
Feature: plv, Montage: CAR, Segment Length: 2, Significance: 0.001
Feature: plv, Montage: CAR, Segment Length: 2, Significance: 0.0005
Feature: plv, Montage: CAR, Segment Length: 2, Significance: 0.0001
Feature: plv, Montage: CAR, Segment Length: 2, Significance: 1e-05
Feature: plv, Montage: CAR, Segment Length: 2, Significance: 1e-06
Feature: plv, Montage: CAR, Segment Length: 5, Significance: 0.001
Feature: plv, Montage: CAR, Segment Length: 5, Significance: 0.0005
Feature: plv, Montage: CAR, Segment Length: 5, Significance: 0.0001
Feature: plv, Montage: CAR, Segment Length: 5, Significance: 1e-05
Feature: plv, Montage: CAR, Segment Length: 5, Significance: 1e-06
New best BAC for plv: 51.03421859039836
Feature: plv, Montage: CAR, Segment Length: 10, Significance: 0.001
New best BAC for plv: 52.14504596527069
Feature: plv, Montage: CAR, Segment Length: 10, Significance: 0.0005
Feature: plv, Montage: CAR, Segment Length: 10, Significance: 0.0001
Feature: plv, Montage: CAR, Segment Length: 10, Significance: 1e-05
New best BAC for plv: 56.664964249233904
Feature: plv, Montage: CAR, Segment Length: 10, Significance: 1e-06
New best BAC for plv: 58.33758937691522
Feature: plv, Montage: Cz, Segment Length: 1, Significance: 0.001
New best BAC for plv: 65.06639427987743
Feature: plv, Montage: Cz, Segment Length: 1, Significance: 0.0005
New best BAC for plv: 66.18998978549541
Feature: plv, Montage: Cz, Segment Length: 1, Significance: 0.0001
New best BAC for plv: 66.20275791624107
Feature: plv, Montage: Cz, Segment Length: 1, Significance: 1e-05
Feature: plv, Montage: Cz, Segment Length: 1, Significance: 1e-06
Feature: plv, Montage: Cz, Segment Length: 2, Significance: 0.001
New best BAC for plv: 66.7517875383044
Feature: plv, Montage: Cz, Segment Length: 2, Significance: 0.0005
Feature: plv, Montage: Cz, Segment Length: 2, Significance: 0.0001
Feature: plv, Montage: Cz, Segment Length: 2, Significance: 1e-05
Feature: plv, Montage: Cz, Segment Length: 2, Significance: 1e-06
Feature: plv, Montage: Cz, Segment Length: 5, Significance: 0.001
Feature: plv, Montage: Cz, Segment Length: 5, Significance: 0.0005
Feature: plv, Montage: Cz, Segment Length: 5, Significance: 0.0001
Feature: plv, Montage: Cz, Segment Length: 5, Significance: 1e-05
Feature: plv, Montage: Cz, Segment Length: 5, Significance: 1e-06
Feature: plv, Montage: Cz, Segment Length: 10, Significance: 0.001
Feature: plv, Montage: Cz, Segment Length: 10, Significance: 0.0005
Feature: plv, Montage: Cz, Segment Length: 10, Significance: 0.0001
Feature: plv, Montage: Cz, Segment Length: 10, Significance: 1e-05
Feature: plv, Montage: Cz, Segment Length: 10, Significance: 1e-06
Feature: plv, Montage: BipolarDB, Segment Length: 1, Significance: 0.001
Feature: plv, Montage: BipolarDB, Segment Length: 1, Significance: 0.0005
Feature: plv, Montage: BipolarDB, Segment Length: 1, Significance: 0.0001
Feature: plv, Montage: BipolarDB, Segment Length: 1, Significance: 1e-05
Feature: plv, Montage: BipolarDB, Segment Length: 1, Significance: 1e-06
New best BAC for plv: 67.37742594484168
Feature: plv, Montage: BipolarDB, Segment Length: 2, Significance: 0.001
Feature: plv, Montage: BipolarDB, Segment Length: 2, Significance: 0.0005
Feature: plv, Montage: BipolarDB, Segment Length: 2, Significance: 0.0001
Feature: plv, Montage: BipolarDB, Segment Length: 2, Significance: 1e-05
Feature: plv, Montage: BipolarDB, Segment Length: 2, Significance: 1e-06
Feature: plv, Montage: BipolarDB, Segment Length: 5, Significance: 0.001
Feature: plv, Montage: BipolarDB, Segment Length: 5, Significance: 0.0005
Feature: plv, Montage: BipolarDB, Segment Length: 5, Significance: 0.0001
Feature: plv, Montage: BipolarDB, Segment Length: 5, Significance: 1e-05
Feature: plv, Montage: BipolarDB, Segment Length: 5, Significance: 1e-06
Feature: plv, Montage: BipolarDB, Segment Length: 10, Significance: 0.001
Feature: plv, Montage: BipolarDB, Segment Length: 10, Significance: 0.0005
Feature: plv, Montage: BipolarDB, Segment Length: 10, Significance: 0.0001
Feature: plv, Montage: BipolarDB, Segment Length: 10, Significance: 1e-05
Feature: plv, Montage: BipolarDB, Segment Length: 10, Significance: 1e-06
Feature: plv, Montage: Laplacian, Segment Length: 1, Significance: 0.001
Feature: plv, Montage: Laplacian, Segment Length: 1, Significance: 0.0005
Feature: plv, Montage: Laplacian, Segment Length: 1, Significance: 0.0001
Feature: plv, Montage: Laplacian, Segment Length: 1, Significance: 1e-05
Feature: plv, Montage: Laplacian, Segment Length: 1, Significance: 1e-06
Feature: plv, Montage: Laplacian, Segment Length: 2, Significance: 0.001
Feature: plv, Montage: Laplacian, Segment Length: 2, Significance: 0.0005
Feature: plv, Montage: Laplacian, Segment Length: 2, Significance: 0.0001
Feature: plv, Montage: Laplacian, Segment Length: 2, Significance: 1e-05
Feature: plv, Montage: Laplacian, Segment Length: 2, Significance: 1e-06
Feature: plv, Montage: Laplacian, Segment Length: 5, Significance: 0.001
Feature: plv, Montage: Laplacian, Segment Length: 5, Significance: 0.0005
Feature: plv, Montage: Laplacian, Segment Length: 5, Significance: 0.0001
Feature: plv, Montage: Laplacian, Segment Length: 5, Significance: 1e-05
Feature: plv, Montage: Laplacian, Segment Length: 5, Significance: 1e-06
Feature: plv, Montage: Laplacian, Segment Length: 10, Significance: 0.001
Feature: plv, Montage: Laplacian, Segment Length: 10, Significance: 0.0005
Feature: plv, Montage: Laplacian, Segment Length: 10, Significance: 0.0001
Feature: plv, Montage: Laplacian, Segment Length: 10, Significance: 1e-05
Feature: plv, Montage: Laplacian, Segment Length: 10, Significance: 1e-06
Feature: mst, Montage: CAR, Segment Length: 1, Significance: 0.001
New best BAC for mst: 51.62155260469867
Feature: mst, Montage: CAR, Segment Length: 1, Significance: 0.0005
Feature: mst, Montage: CAR, Segment Length: 1, Significance: 0.0001
Feature: mst, Montage: CAR, Segment Length: 1, Significance: 1e-05
Feature: mst, Montage: CAR, Segment Length: 1, Significance: 1e-06
Feature: mst, Montage: CAR, Segment Length: 2, Significance: 0.001
New best BAC for mst: 53.28140960163432
Feature: mst, Montage: CAR, Segment Length: 2, Significance: 0.0005
New best BAC for mst: 53.83043922369766
Feature: mst, Montage: CAR, Segment Length: 2, Significance: 0.0001
Feature: mst, Montage: CAR, Segment Length: 2, Significance: 1e-05
Feature: mst, Montage: CAR, Segment Length: 2, Significance: 1e-06
Feature: mst, Montage: CAR, Segment Length: 5, Significance: 0.001
Feature: mst, Montage: CAR, Segment Length: 5, Significance: 0.0005
Feature: mst, Montage: CAR, Segment Length: 5, Significance: 0.0001
Feature: mst, Montage: CAR, Segment Length: 5, Significance: 1e-05
Feature: mst, Montage: CAR, Segment Length: 5, Significance: 1e-06
Feature: mst, Montage: CAR, Segment Length: 10, Significance: 0.001
Feature: mst, Montage: CAR, Segment Length: 10, Significance: 0.0005
Feature: mst, Montage: CAR, Segment Length: 10, Significance: 0.0001
Feature: mst, Montage: CAR, Segment Length: 10, Significance: 1e-05
Feature: mst, Montage: CAR, Segment Length: 10, Significance: 1e-06
Feature: mst, Montage: Cz, Segment Length: 1, Significance: 0.001
Feature: mst, Montage: Cz, Segment Length: 1, Significance: 0.0005
Feature: mst, Montage: Cz, Segment Length: 1, Significance: 0.0001
Feature: mst, Montage: Cz, Segment Length: 1, Significance: 1e-05
Feature: mst, Montage: Cz, Segment Length: 1, Significance: 1e-06
Feature: mst, Montage: Cz, Segment Length: 2, Significance: 0.001
Feature: mst, Montage: Cz, Segment Length: 2, Significance: 0.0005
Feature: mst, Montage: Cz, Segment Length: 2, Significance: 0.0001
Feature: mst, Montage: Cz, Segment Length: 2, Significance: 1e-05
Feature: mst, Montage: Cz, Segment Length: 2, Significance: 1e-06
Feature: mst, Montage: Cz, Segment Length: 5, Significance: 0.001
Feature: mst, Montage: Cz, Segment Length: 5, Significance: 0.0005
Feature: mst, Montage: Cz, Segment Length: 5, Significance: 0.0001
Feature: mst, Montage: Cz, Segment Length: 5, Significance: 1e-05
Feature: mst, Montage: Cz, Segment Length: 5, Significance: 1e-06
Feature: mst, Montage: Cz, Segment Length: 10, Significance: 0.001
Feature: mst, Montage: Cz, Segment Length: 10, Significance: 0.0005
Feature: mst, Montage: Cz, Segment Length: 10, Significance: 0.0001
Feature: mst, Montage: Cz, Segment Length: 10, Significance: 1e-05
Feature: mst, Montage: Cz, Segment Length: 10, Significance: 1e-06
Feature: mst, Montage: BipolarDB, Segment Length: 1, Significance: 0.001
Feature: mst, Montage: BipolarDB, Segment Length: 1, Significance: 0.0005
Feature: mst, Montage: BipolarDB, Segment Length: 1, Significance: 0.0001
Feature: mst, Montage: BipolarDB, Segment Length: 1, Significance: 1e-05
Feature: mst, Montage: BipolarDB, Segment Length: 1, Significance: 1e-06
Feature: mst, Montage: BipolarDB, Segment Length: 2, Significance: 0.001
Feature: mst, Montage: BipolarDB, Segment Length: 2, Significance: 0.0005
New best BAC for mst: 54.45607763023494
Feature: mst, Montage: BipolarDB, Segment Length: 2, Significance: 0.0001
Feature: mst, Montage: BipolarDB, Segment Length: 2, Significance: 1e-05
Feature: mst, Montage: BipolarDB, Segment Length: 2, Significance: 1e-06
Feature: mst, Montage: BipolarDB, Segment Length: 5, Significance: 0.001
Feature: mst, Montage: BipolarDB, Segment Length: 5, Significance: 0.0005
Feature: mst, Montage: BipolarDB, Segment Length: 5, Significance: 0.0001
Feature: mst, Montage: BipolarDB, Segment Length: 5, Significance: 1e-05
Feature: mst, Montage: BipolarDB, Segment Length: 5, Significance: 1e-06
Feature: mst, Montage: BipolarDB, Segment Length: 10, Significance: 0.001
New best BAC for mst: 55.04341164453525
Feature: mst, Montage: BipolarDB, Segment Length: 10, Significance: 0.0005
Feature: mst, Montage: BipolarDB, Segment Length: 10, Significance: 0.0001
New best BAC for mst: 56.17977528089888
Feature: mst, Montage: BipolarDB, Segment Length: 10, Significance: 1e-05
Feature: mst, Montage: BipolarDB, Segment Length: 10, Significance: 1e-06
Feature: mst, Montage: Laplacian, Segment Length: 1, Significance: 0.001
Feature: mst, Montage: Laplacian, Segment Length: 1, Significance: 0.0005
Feature: mst, Montage: Laplacian, Segment Length: 1, Significance: 0.0001
Feature: mst, Montage: Laplacian, Segment Length: 1, Significance: 1e-05
Feature: mst, Montage: Laplacian, Segment Length: 1, Significance: 1e-06
Feature: mst, Montage: Laplacian, Segment Length: 2, Significance: 0.001
Feature: mst, Montage: Laplacian, Segment Length: 2, Significance: 0.0005
Feature: mst, Montage: Laplacian, Segment Length: 2, Significance: 0.0001
Feature: mst, Montage: Laplacian, Segment Length: 2, Significance: 1e-05
Feature: mst, Montage: Laplacian, Segment Length: 2, Significance: 1e-06
Feature: mst, Montage: Laplacian, Segment Length: 5, Significance: 0.001
Feature: mst, Montage: Laplacian, Segment Length: 5, Significance: 0.0005
Feature: mst, Montage: Laplacian, Segment Length: 5, Significance: 0.0001
Feature: mst, Montage: Laplacian, Segment Length: 5, Significance: 1e-05
Feature: mst, Montage: Laplacian, Segment Length: 5, Significance: 1e-06
Feature: mst, Montage: Laplacian, Segment Length: 10, Significance: 0.001
Feature: mst, Montage: Laplacian, Segment Length: 10, Significance: 0.0005
Feature: mst, Montage: Laplacian, Segment Length: 10, Significance: 0.0001
Feature: mst, Montage: Laplacian, Segment Length: 10, Significance: 1e-05
Feature: mst, Montage: Laplacian, Segment Length: 10, Significance: 1e-06
Feature: sst, Montage: CAR, Segment Length: 1, Significance: 0.001
New best BAC for sst: 49.897854954034734
Feature: sst, Montage: CAR, Segment Length: 1, Significance: 0.0005
Feature: sst, Montage: CAR, Segment Length: 1, Significance: 0.0001
No significant features found
Feature: sst, Montage: CAR, Segment Length: 1, Significance: 1e-05
No significant features found
Feature: sst, Montage: CAR, Segment Length: 1, Significance: 1e-06
No significant features found
Feature: sst, Montage: CAR, Segment Length: 2, Significance: 0.001
New best BAC for sst: 52.706843718079675
Feature: sst, Montage: CAR, Segment Length: 2, Significance: 0.0005
Feature: sst, Montage: CAR, Segment Length: 2, Significance: 0.0001
Feature: sst, Montage: CAR, Segment Length: 2, Significance: 1e-05
Feature: sst, Montage: CAR, Segment Length: 2, Significance: 1e-06
No significant features found
Feature: sst, Montage: CAR, Segment Length: 5, Significance: 0.001
No significant features found
Feature: sst, Montage: CAR, Segment Length: 5, Significance: 0.0005
No significant features found
Feature: sst, Montage: CAR, Segment Length: 5, Significance: 0.0001
No significant features found
Feature: sst, Montage: CAR, Segment Length: 5, Significance: 1e-05
No significant features found
Feature: sst, Montage: CAR, Segment Length: 5, Significance: 1e-06
No significant features found
Feature: sst, Montage: CAR, Segment Length: 10, Significance: 0.001
No significant features found
Feature: sst, Montage: CAR, Segment Length: 10, Significance: 0.0005
No significant features found
Feature: sst, Montage: CAR, Segment Length: 10, Significance: 0.0001
No significant features found
Feature: sst, Montage: CAR, Segment Length: 10, Significance: 1e-05
No significant features found
Feature: sst, Montage: CAR, Segment Length: 10, Significance: 1e-06
No significant features found
Feature: sst, Montage: Cz, Segment Length: 1, Significance: 0.001
No significant features found
Feature: sst, Montage: Cz, Segment Length: 1, Significance: 0.0005
No significant features found
Feature: sst, Montage: Cz, Segment Length: 1, Significance: 0.0001
No significant features found
Feature: sst, Montage: Cz, Segment Length: 1, Significance: 1e-05
No significant features found
Feature: sst, Montage: Cz, Segment Length: 1, Significance: 1e-06
No significant features found
Feature: sst, Montage: Cz, Segment Length: 2, Significance: 0.001
No significant features found
Feature: sst, Montage: Cz, Segment Length: 2, Significance: 0.0005
No significant features found
Feature: sst, Montage: Cz, Segment Length: 2, Significance: 0.0001
No significant features found
Feature: sst, Montage: Cz, Segment Length: 2, Significance: 1e-05
No significant features found
Feature: sst, Montage: Cz, Segment Length: 2, Significance: 1e-06
No significant features found
Feature: sst, Montage: Cz, Segment Length: 5, Significance: 0.001
No significant features found
Feature: sst, Montage: Cz, Segment Length: 5, Significance: 0.0005
No significant features found
Feature: sst, Montage: Cz, Segment Length: 5, Significance: 0.0001
No significant features found
Feature: sst, Montage: Cz, Segment Length: 5, Significance: 1e-05
No significant features found
Feature: sst, Montage: Cz, Segment Length: 5, Significance: 1e-06
No significant features found
Feature: sst, Montage: Cz, Segment Length: 10, Significance: 0.001
No significant features found
Feature: sst, Montage: Cz, Segment Length: 10, Significance: 0.0005
No significant features found
Feature: sst, Montage: Cz, Segment Length: 10, Significance: 0.0001
No significant features found
Feature: sst, Montage: Cz, Segment Length: 10, Significance: 1e-05
No significant features found
Feature: sst, Montage: Cz, Segment Length: 10, Significance: 1e-06
No significant features found
Feature: sst, Montage: BipolarDB, Segment Length: 1, Significance: 0.001
No significant features found
Feature: sst, Montage: BipolarDB, Segment Length: 1, Significance: 0.0005
No significant features found
Feature: sst, Montage: BipolarDB, Segment Length: 1, Significance: 0.0001
No significant features found
Feature: sst, Montage: BipolarDB, Segment Length: 1, Significance: 1e-05
No significant features found
Feature: sst, Montage: BipolarDB, Segment Length: 1, Significance: 1e-06
No significant features found
Feature: sst, Montage: BipolarDB, Segment Length: 2, Significance: 0.001
Feature: sst, Montage: BipolarDB, Segment Length: 2, Significance: 0.0005
Feature: sst, Montage: BipolarDB, Segment Length: 2, Significance: 0.0001
Feature: sst, Montage: BipolarDB, Segment Length: 2, Significance: 1e-05
No significant features found
Feature: sst, Montage: BipolarDB, Segment Length: 2, Significance: 1e-06
No significant features found
Feature: sst, Montage: BipolarDB, Segment Length: 5, Significance: 0.001
Feature: sst, Montage: BipolarDB, Segment Length: 5, Significance: 0.0005
New best BAC for sst: 55.515832482124615
Feature: sst, Montage: BipolarDB, Segment Length: 5, Significance: 0.0001
Feature: sst, Montage: BipolarDB, Segment Length: 5, Significance: 1e-05
Feature: sst, Montage: BipolarDB, Segment Length: 5, Significance: 1e-06
No significant features found
Feature: sst, Montage: BipolarDB, Segment Length: 10, Significance: 0.001
Feature: sst, Montage: BipolarDB, Segment Length: 10, Significance: 0.0005
Feature: sst, Montage: BipolarDB, Segment Length: 10, Significance: 0.0001
No significant features found
Feature: sst, Montage: BipolarDB, Segment Length: 10, Significance: 1e-05
No significant features found
Feature: sst, Montage: BipolarDB, Segment Length: 10, Significance: 1e-06
No significant features found
Feature: sst, Montage: Laplacian, Segment Length: 1, Significance: 0.001
No significant features found
Feature: sst, Montage: Laplacian, Segment Length: 1, Significance: 0.0005
No significant features found
Feature: sst, Montage: Laplacian, Segment Length: 1, Significance: 0.0001
No significant features found
Feature: sst, Montage: Laplacian, Segment Length: 1, Significance: 1e-05
No significant features found
Feature: sst, Montage: Laplacian, Segment Length: 1, Significance: 1e-06
No significant features found
Feature: sst, Montage: Laplacian, Segment Length: 2, Significance: 0.001
No significant features found
Feature: sst, Montage: Laplacian, Segment Length: 2, Significance: 0.0005
No significant features found
Feature: sst, Montage: Laplacian, Segment Length: 2, Significance: 0.0001
No significant features found
Feature: sst, Montage: Laplacian, Segment Length: 2, Significance: 1e-05
No significant features found
Feature: sst, Montage: Laplacian, Segment Length: 2, Significance: 1e-06
No significant features found
Feature: sst, Montage: Laplacian, Segment Length: 5, Significance: 0.001
No significant features found
Feature: sst, Montage: Laplacian, Segment Length: 5, Significance: 0.0005
No significant features found
Feature: sst, Montage: Laplacian, Segment Length: 5, Significance: 0.0001
No significant features found
Feature: sst, Montage: Laplacian, Segment Length: 5, Significance: 1e-05
No significant features found
Feature: sst, Montage: Laplacian, Segment Length: 5, Significance: 1e-06
No significant features found
Feature: sst, Montage: Laplacian, Segment Length: 10, Significance: 0.001
Feature: sst, Montage: Laplacian, Segment Length: 10, Significance: 0.0005
New best BAC for sst: 56.65219611848825
Feature: sst, Montage: Laplacian, Segment Length: 10, Significance: 0.0001
Feature: sst, Montage: Laplacian, Segment Length: 10, Significance: 1e-05
No significant features found
Feature: sst, Montage: Laplacian, Segment Length: 10, Significance: 1e-06
No significant features found
Feature: spectral, Montage: CAR, Segment Length: 1, Significance: 0.001
New best BAC for spectral: 53.83043922369766
Feature: spectral, Montage: CAR, Segment Length: 1, Significance: 0.0005
New best BAC for spectral: 53.843207354443315
Feature: spectral, Montage: CAR, Segment Length: 1, Significance: 0.0001
Feature: spectral, Montage: CAR, Segment Length: 1, Significance: 1e-05
Feature: spectral, Montage: CAR, Segment Length: 1, Significance: 1e-06
Feature: spectral, Montage: CAR, Segment Length: 2, Significance: 0.001
Feature: spectral, Montage: CAR, Segment Length: 2, Significance: 0.0005
New best BAC for spectral: 55.515832482124615
Feature: spectral, Montage: CAR, Segment Length: 2, Significance: 0.0001
Feature: spectral, Montage: CAR, Segment Length: 2, Significance: 1e-05
Feature: spectral, Montage: CAR, Segment Length: 2, Significance: 1e-06
Feature: spectral, Montage: CAR, Segment Length: 5, Significance: 0.001
New best BAC for spectral: 60.010214504596526
Feature: spectral, Montage: CAR, Segment Length: 5, Significance: 0.0005
New best BAC for spectral: 60.57201225740552
Feature: spectral, Montage: CAR, Segment Length: 5, Significance: 0.0001
Feature: spectral, Montage: CAR, Segment Length: 5, Significance: 1e-05
Feature: spectral, Montage: CAR, Segment Length: 5, Significance: 1e-06
Feature: spectral, Montage: CAR, Segment Length: 10, Significance: 0.001
New best BAC for spectral: 62.81920326864147
Feature: spectral, Montage: CAR, Segment Length: 10, Significance: 0.0005
Feature: spectral, Montage: CAR, Segment Length: 10, Significance: 0.0001
New best BAC for spectral: 64.53013278855975
Feature: spectral, Montage: CAR, Segment Length: 10, Significance: 1e-05
Feature: spectral, Montage: CAR, Segment Length: 10, Significance: 1e-06
Feature: spectral, Montage: Cz, Segment Length: 1, Significance: 0.001
Feature: spectral, Montage: Cz, Segment Length: 1, Significance: 0.0005
Feature: spectral, Montage: Cz, Segment Length: 1, Significance: 0.0001
Feature: spectral, Montage: Cz, Segment Length: 1, Significance: 1e-05
Feature: spectral, Montage: Cz, Segment Length: 1, Significance: 1e-06
Feature: spectral, Montage: Cz, Segment Length: 2, Significance: 0.001
Feature: spectral, Montage: Cz, Segment Length: 2, Significance: 0.0005
Feature: spectral, Montage: Cz, Segment Length: 2, Significance: 0.0001
Feature: spectral, Montage: Cz, Segment Length: 2, Significance: 1e-05
Feature: spectral, Montage: Cz, Segment Length: 2, Significance: 1e-06
Feature: spectral, Montage: Cz, Segment Length: 5, Significance: 0.001
Feature: spectral, Montage: Cz, Segment Length: 5, Significance: 0.0005
Feature: spectral, Montage: Cz, Segment Length: 5, Significance: 0.0001
Feature: spectral, Montage: Cz, Segment Length: 5, Significance: 1e-05
Feature: spectral, Montage: Cz, Segment Length: 5, Significance: 1e-06
Feature: spectral, Montage: Cz, Segment Length: 10, Significance: 0.001
Feature: spectral, Montage: Cz, Segment Length: 10, Significance: 0.0005
Feature: spectral, Montage: Cz, Segment Length: 10, Significance: 0.0001
Feature: spectral, Montage: Cz, Segment Length: 10, Significance: 1e-05
Feature: spectral, Montage: Cz, Segment Length: 10, Significance: 1e-06
Feature: spectral, Montage: BipolarDB, Segment Length: 1, Significance: 0.001
Feature: spectral, Montage: BipolarDB, Segment Length: 1, Significance: 0.0005
Feature: spectral, Montage: BipolarDB, Segment Length: 1, Significance: 0.0001
Feature: spectral, Montage: BipolarDB, Segment Length: 1, Significance: 1e-05
Feature: spectral, Montage: BipolarDB, Segment Length: 1, Significance: 1e-06
Feature: spectral, Montage: BipolarDB, Segment Length: 2, Significance: 0.001
Feature: spectral, Montage: BipolarDB, Segment Length: 2, Significance: 0.0005
Feature: spectral, Montage: BipolarDB, Segment Length: 2, Significance: 0.0001
Feature: spectral, Montage: BipolarDB, Segment Length: 2, Significance: 1e-05
New best BAC for spectral: 67.37742594484168
Feature: spectral, Montage: BipolarDB, Segment Length: 2, Significance: 1e-06
Feature: spectral, Montage: BipolarDB, Segment Length: 5, Significance: 0.001
Feature: spectral, Montage: BipolarDB, Segment Length: 5, Significance: 0.0005
Feature: spectral, Montage: BipolarDB, Segment Length: 5, Significance: 0.0001
New best BAC for spectral: 69.63738508682329
Feature: spectral, Montage: BipolarDB, Segment Length: 5, Significance: 1e-05
Feature: spectral, Montage: BipolarDB, Segment Length: 5, Significance: 1e-06
Feature: spectral, Montage: BipolarDB, Segment Length: 10, Significance: 0.001
Feature: spectral, Montage: BipolarDB, Segment Length: 10, Significance: 0.0005
Feature: spectral, Montage: BipolarDB, Segment Length: 10, Significance: 0.0001
Feature: spectral, Montage: BipolarDB, Segment Length: 10, Significance: 1e-05
Feature: spectral, Montage: BipolarDB, Segment Length: 10, Significance: 1e-06
Feature: spectral, Montage: Laplacian, Segment Length: 1, Significance: 0.001
New best BAC for spectral: 72.36976506639428
Feature: spectral, Montage: Laplacian, Segment Length: 1, Significance: 0.0005
New best BAC for spectral: 74.64249233912155
Feature: spectral, Montage: Laplacian, Segment Length: 1, Significance: 0.0001
Feature: spectral, Montage: Laplacian, Segment Length: 1, Significance: 1e-05
Feature: spectral, Montage: Laplacian, Segment Length: 1, Significance: 1e-06
Feature: spectral, Montage: Laplacian, Segment Length: 2, Significance: 0.001
New best BAC for spectral: 77.43871297242084
Feature: spectral, Montage: Laplacian, Segment Length: 2, Significance: 0.0005
Feature: spectral, Montage: Laplacian, Segment Length: 2, Significance: 0.0001
Feature: spectral, Montage: Laplacian, Segment Length: 2, Significance: 1e-05
Feature: spectral, Montage: Laplacian, Segment Length: 2, Significance: 1e-06
Feature: spectral, Montage: Laplacian, Segment Length: 5, Significance: 0.001
Feature: spectral, Montage: Laplacian, Segment Length: 5, Significance: 0.0005
Feature: spectral, Montage: Laplacian, Segment Length: 5, Significance: 0.0001
Feature: spectral, Montage: Laplacian, Segment Length: 5, Significance: 1e-05
Feature: spectral, Montage: Laplacian, Segment Length: 5, Significance: 1e-06
Feature: spectral, Montage: Laplacian, Segment Length: 10, Significance: 0.001
Feature: spectral, Montage: Laplacian, Segment Length: 10, Significance: 0.0005
Feature: spectral, Montage: Laplacian, Segment Length: 10, Significance: 0.0001
Feature: spectral, Montage: Laplacian, Segment Length: 10, Significance: 1e-05
Feature: spectral, Montage: Laplacian, Segment Length: 10, Significance: 1e-06
Feature: utm, Montage: CAR, Segment Length: 1, Significance: 0.001
New best BAC for utm: 55.528600612870285
Feature: utm, Montage: CAR, Segment Length: 1, Significance: 0.0005
Feature: utm, Montage: CAR, Segment Length: 1, Significance: 0.0001
Feature: utm, Montage: CAR, Segment Length: 1, Significance: 1e-05
Feature: utm, Montage: CAR, Segment Length: 1, Significance: 1e-06
Feature: utm, Montage: CAR, Segment Length: 2, Significance: 0.001
New best BAC for utm: 58.32482124616957
Feature: utm, Montage: CAR, Segment Length: 2, Significance: 0.0005
Feature: utm, Montage: CAR, Segment Length: 2, Significance: 0.0001
Feature: utm, Montage: CAR, Segment Length: 2, Significance: 1e-05
Feature: utm, Montage: CAR, Segment Length: 2, Significance: 1e-06
New best BAC for utm: 59.53779366700716
Feature: utm, Montage: CAR, Segment Length: 5, Significance: 0.001
New best BAC for utm: 62.25740551583249
Feature: utm, Montage: CAR, Segment Length: 5, Significance: 0.0005
New best BAC for utm: 64.53013278855975
Feature: utm, Montage: CAR, Segment Length: 5, Significance: 0.0001
Feature: utm, Montage: CAR, Segment Length: 5, Significance: 1e-05
Feature: utm, Montage: CAR, Segment Length: 5, Significance: 1e-06
Feature: utm, Montage: CAR, Segment Length: 10, Significance: 0.001
Feature: utm, Montage: CAR, Segment Length: 10, Significance: 0.0005
Feature: utm, Montage: CAR, Segment Length: 10, Significance: 0.0001
Feature: utm, Montage: CAR, Segment Length: 10, Significance: 1e-05
Feature: utm, Montage: CAR, Segment Length: 10, Significance: 1e-06
Feature: utm, Montage: Cz, Segment Length: 1, Significance: 0.001
Feature: utm, Montage: Cz, Segment Length: 1, Significance: 0.0005
Feature: utm, Montage: Cz, Segment Length: 1, Significance: 0.0001
Feature: utm, Montage: Cz, Segment Length: 1, Significance: 1e-05
Feature: utm, Montage: Cz, Segment Length: 1, Significance: 1e-06
Feature: utm, Montage: Cz, Segment Length: 2, Significance: 0.001
Feature: utm, Montage: Cz, Segment Length: 2, Significance: 0.0005
Feature: utm, Montage: Cz, Segment Length: 2, Significance: 0.0001
Feature: utm, Montage: Cz, Segment Length: 2, Significance: 1e-05
Feature: utm, Montage: Cz, Segment Length: 2, Significance: 1e-06
New best BAC for utm: 69.05005107252298
Feature: utm, Montage: Cz, Segment Length: 5, Significance: 0.001
Feature: utm, Montage: Cz, Segment Length: 5, Significance: 0.0005
Feature: utm, Montage: Cz, Segment Length: 5, Significance: 0.0001
Feature: utm, Montage: Cz, Segment Length: 5, Significance: 1e-05
Feature: utm, Montage: Cz, Segment Length: 5, Significance: 1e-06
Feature: utm, Montage: Cz, Segment Length: 10, Significance: 0.001
Feature: utm, Montage: Cz, Segment Length: 10, Significance: 0.0005
Feature: utm, Montage: Cz, Segment Length: 10, Significance: 0.0001
Feature: utm, Montage: Cz, Segment Length: 10, Significance: 1e-05
Feature: utm, Montage: Cz, Segment Length: 10, Significance: 1e-06
Feature: utm, Montage: BipolarDB, Segment Length: 1, Significance: 0.001
Feature: utm, Montage: BipolarDB, Segment Length: 1, Significance: 0.0005
Feature: utm, Montage: BipolarDB, Segment Length: 1, Significance: 0.0001
Feature: utm, Montage: BipolarDB, Segment Length: 1, Significance: 1e-05
Feature: utm, Montage: BipolarDB, Segment Length: 1, Significance: 1e-06
Feature: utm, Montage: BipolarDB, Segment Length: 2, Significance: 0.001
Feature: utm, Montage: BipolarDB, Segment Length: 2, Significance: 0.0005
Feature: utm, Montage: BipolarDB, Segment Length: 2, Significance: 0.0001
Feature: utm, Montage: BipolarDB, Segment Length: 2, Significance: 1e-05
Feature: utm, Montage: BipolarDB, Segment Length: 2, Significance: 1e-06
Feature: utm, Montage: BipolarDB, Segment Length: 5, Significance: 0.001
Feature: utm, Montage: BipolarDB, Segment Length: 5, Significance: 0.0005
Feature: utm, Montage: BipolarDB, Segment Length: 5, Significance: 0.0001
Feature: utm, Montage: BipolarDB, Segment Length: 5, Significance: 1e-05
Feature: utm, Montage: BipolarDB, Segment Length: 5, Significance: 1e-06
Feature: utm, Montage: BipolarDB, Segment Length: 10, Significance: 0.001
Feature: utm, Montage: BipolarDB, Segment Length: 10, Significance: 0.0005
Feature: utm, Montage: BipolarDB, Segment Length: 10, Significance: 0.0001
Feature: utm, Montage: BipolarDB, Segment Length: 10, Significance: 1e-05
Feature: utm, Montage: BipolarDB, Segment Length: 10, Significance: 1e-06
Feature: utm, Montage: Laplacian, Segment Length: 1, Significance: 0.001
New best BAC for utm: 73.49336057201225
Feature: utm, Montage: Laplacian, Segment Length: 1, Significance: 0.0005
New best BAC for utm: 74.61695607763023
Feature: utm, Montage: Laplacian, Segment Length: 1, Significance: 0.0001
Feature: utm, Montage: Laplacian, Segment Length: 1, Significance: 1e-05
Feature: utm, Montage: Laplacian, Segment Length: 1, Significance: 1e-06
Feature: utm, Montage: Laplacian, Segment Length: 2, Significance: 0.001
New best BAC for utm: 74.64249233912155
Feature: utm, Montage: Laplacian, Segment Length: 2, Significance: 0.0005
Feature: utm, Montage: Laplacian, Segment Length: 2, Significance: 0.0001
Feature: utm, Montage: Laplacian, Segment Length: 2, Significance: 1e-05
Feature: utm, Montage: Laplacian, Segment Length: 2, Significance: 1e-06
Feature: utm, Montage: Laplacian, Segment Length: 5, Significance: 0.001
Feature: utm, Montage: Laplacian, Segment Length: 5, Significance: 0.0005
Feature: utm, Montage: Laplacian, Segment Length: 5, Significance: 0.0001
Feature: utm, Montage: Laplacian, Segment Length: 5, Significance: 1e-05
New best BAC for utm: 75.19152196118488
Feature: utm, Montage: Laplacian, Segment Length: 5, Significance: 1e-06
Feature: utm, Montage: Laplacian, Segment Length: 10, Significance: 0.001
Feature: utm, Montage: Laplacian, Segment Length: 10, Significance: 0.0005
Feature: utm, Montage: Laplacian, Segment Length: 10, Significance: 0.0001
Feature: utm, Montage: Laplacian, Segment Length: 10, Significance: 1e-05
New best BAC for utm: 78.02604698672114
Feature: utm, Montage: Laplacian, Segment Length: 10, Significance: 1e-06
Traceback (most recent call last):
  File "/users/gzanardini/eeg_thesis/photostimulation/03_LOSO_ensemble_L2_bac.py", line 189, in <module>
    subject_recap[feature_name['auc']]= best_classifiers[feature_name][0]
                  ~~~~~~~~~~~~^^^^^^^
TypeError: string indices must be integers, not 'str'
[1;34mwandb[0m: 🚀 View run [33mrun_0_bestbacs_l2_probs[0m at: [34mhttps://wandb.ai/EEGthesis/LOSO ensemble/runs/op7o5shf[0m
[1;34mwandb[0m: Find logs at: [1;35mwandb/run-20250220_143346-op7o5shf/logs[0m
