wandb: Using wandb-core as the SDK backend. Please refer to https://wandb.me/wandb-core for more information.
wandb: Currently logged in as: giacomo-zanardinibs (EEGthesis). Use `wandb login --relogin` to force relogin
wandb: Appending key for api.wandb.ai to your netrc file: /users/gzanardini/.netrc
wandb: Tracking run with wandb version 0.18.5
wandb: Run data is saved locally in /users/gzanardini/eeg_thesis/emc/wandb/run-20250305_152415-1v6nh2cl
wandb: Run `wandb offline` to turn off syncing.
wandb: Syncing run AUCweighted_run_0
wandb: ⭐️ View project at https://wandb.ai/EEGthesis/emc_nested_LOSO
wandb: 🚀 View run at https://wandb.ai/EEGthesis/emc_nested_LOSO/runs/1v6nh2cl
RUN 1 - Seed: 398
Traceback (most recent call last):
  File "/users/gzanardini/eeg_thesis/emc/emc_nested_loso.py", line 85, in <module>
    train_idxs, val_idxs = train_test_split(other_idxs, test_size=SPLIT_RATIO, stratify=labels, random_state=seed)
                           ^^^^^^^^^^^^^^^^^^^^^^^^^^^^^^^^^^^^^^^^^^^^^^^^^^^^^^^^^^^^^^^^^^^^^^^^^^^^^^^^^^^^^^^
  File "/users/gzanardini/miniconda3/envs/eeg/lib/python3.12/site-packages/sklearn/utils/_param_validation.py", line 213, in wrapper
    return func(*args, **kwargs)
           ^^^^^^^^^^^^^^^^^^^^^
  File "/users/gzanardini/miniconda3/envs/eeg/lib/python3.12/site-packages/sklearn/model_selection/_split.py", line 2806, in train_test_split
    train, test = next(cv.split(X=arrays[0], y=stratify))
                  ^^^^^^^^^^^^^^^^^^^^^^^^^^^^^^^^^^^^^^^
  File "/users/gzanardini/miniconda3/envs/eeg/lib/python3.12/site-packages/sklearn/model_selection/_split.py", line 1842, in split
    X, y, groups = indexable(X, y, groups)
                   ^^^^^^^^^^^^^^^^^^^^^^^
  File "/users/gzanardini/miniconda3/envs/eeg/lib/python3.12/site-packages/sklearn/utils/validation.py", line 514, in indexable
    check_consistent_length(*result)
  File "/users/gzanardini/miniconda3/envs/eeg/lib/python3.12/site-packages/sklearn/utils/validation.py", line 457, in check_consistent_length
    raise ValueError(
ValueError: Found input variables with inconsistent numbers of samples: [140, 141]
[1;34mwandb[0m: 🚀 View run [33mAUCweighted_run_0[0m at: [34mhttps://wandb.ai/EEGthesis/emc_nested_LOSO/runs/1v6nh2cl[0m
[1;34mwandb[0m: Find logs at: [1;35mwandb/run-20250305_152415-1v6nh2cl/logs[0m
